[0m[[0m[0mdebug[0m] [0m[0m> Exec(~run, Some(f3954078-40e1-4885-91d9-15f464155bb3), Some(CommandSource(console0)))[0m
[0m[[0m[0mdebug[0m] [0m[0m> Exec(__runWatch console0, None, Some(CommandSource(console0)))[0m
[0m[[0m[0mdebug[0m] [0m[0m> Exec(sbtStashOnFailure, None, Some(CommandSource(console0)))[0m
[0m[[0m[0mdebug[0m] [0m[0m> Exec(__preWatch console0, None, Some(CommandSource(console0)))[0m
[0m[[0m[0mdebug[0m] [0m[0m> Exec(run, None, Some(CommandSource(console0)))[0m
[0m[[0m[0mdebug[0m] [0m[0mEvaluating tasks: Compile / run[0m
[0m[[0m[0mdebug[0m] [0m[0mRunning task... Cancel: Signal, check cycles: false, forcegc: true[0m
[0m[[0m[0minfo[0m] [0m[0mcompiling 1 Scala source to /Users/zenw/project1/target/scala-2.12/classes ...[0m
[0m[[0m[33mwarn[0m] [0m[0mthere were four deprecation warnings (since 2.0.0); re-run with -deprecation for details[0m
[0m[[0m[33mwarn[0m] [0m[0mone warning found[0m
[0m[[0m[31merror[0m] [0m[0morg.apache.spark.sql.AnalysisException: Cannot write incompatible data to table '`project1_hive`.`data1`':[0m
[0m[[0m[31merror[0m] [0m[0m- Cannot safely cast 'latitude': string to double[0m
[0m[[0m[31merror[0m] [0m[0m	at org.apache.spark.sql.errors.QueryCompilationErrors$.cannotWriteIncompatibleDataToTableError(QueryCompilationErrors.scala:1523)[0m
[0m[[0m[31merror[0m] [0m[0m	at org.apache.spark.sql.catalyst.analysis.TableOutputResolver$.resolveOutputColumns(TableOutputResolver.scala:67)[0m
[0m[[0m[31merror[0m] [0m[0m	at org.apache.spark.sql.execution.datasources.PreprocessTableInsertion$.org$apache$spark$sql$execution$datasources$PreprocessTableInsertion$$preprocess(rules.scala:397)[0m
[0m[[0m[31merror[0m] [0m[0m	at org.apache.spark.sql.execution.datasources.PreprocessTableInsertion$$anonfun$apply$3.applyOrElse(rules.scala:418)[0m
[0m[[0m[31merror[0m] [0m[0m	at org.apache.spark.sql.execution.datasources.PreprocessTableInsertion$$anonfun$apply$3.applyOrElse(rules.scala:412)[0m
[0m[[0m[31merror[0m] [0m[0m	at org.apache.spark.sql.catalyst.plans.logical.AnalysisHelper.$anonfun$resolveOperatorsDownWithPruning$2(AnalysisHelper.scala:170)[0m
[0m[[0m[31merror[0m] [0m[0m	at org.apache.spark.sql.catalyst.trees.CurrentOrigin$.withOrigin(TreeNode.scala:82)[0m
[0m[[0m[31merror[0m] [0m[0m	at org.apache.spark.sql.catalyst.plans.logical.AnalysisHelper.$anonfun$resolveOperatorsDownWithPruning$1(AnalysisHelper.scala:170)[0m
[0m[[0m[31merror[0m] [0m[0m	at org.apache.spark.sql.catalyst.plans.logical.AnalysisHelper$.allowInvokingTransformsInAnalyzer(AnalysisHelper.scala:323)[0m
[0m[[0m[31merror[0m] [0m[0m	at org.apache.spark.sql.catalyst.plans.logical.AnalysisHelper.resolveOperatorsDownWithPruning(AnalysisHelper.scala:168)[0m
[0m[[0m[31merror[0m] [0m[0m	at org.apache.spark.sql.catalyst.plans.logical.AnalysisHelper.resolveOperatorsDownWithPruning$(AnalysisHelper.scala:164)[0m
[0m[[0m[31merror[0m] [0m[0m	at org.apache.spark.sql.catalyst.plans.logical.LogicalPlan.resolveOperatorsDownWithPruning(LogicalPlan.scala:30)[0m
[0m[[0m[31merror[0m] [0m[0m	at org.apache.spark.sql.catalyst.plans.logical.AnalysisHelper.resolveOperatorsWithPruning(AnalysisHelper.scala:99)[0m
[0m[[0m[31merror[0m] [0m[0m	at org.apache.spark.sql.catalyst.plans.logical.AnalysisHelper.resolveOperatorsWithPruning$(AnalysisHelper.scala:96)[0m
[0m[[0m[31merror[0m] [0m[0m	at org.apache.spark.sql.catalyst.plans.logical.LogicalPlan.resolveOperatorsWithPruning(LogicalPlan.scala:30)[0m
[0m[[0m[31merror[0m] [0m[0m	at org.apache.spark.sql.catalyst.plans.logical.AnalysisHelper.resolveOperators(AnalysisHelper.scala:76)[0m
[0m[[0m[31merror[0m] [0m[0m	at org.apache.spark.sql.catalyst.plans.logical.AnalysisHelper.resolveOperators$(AnalysisHelper.scala:75)[0m
[0m[[0m[31merror[0m] [0m[0m	at org.apache.spark.sql.catalyst.plans.logical.LogicalPlan.resolveOperators(LogicalPlan.scala:30)[0m
[0m[[0m[31merror[0m] [0m[0m	at org.apache.spark.sql.execution.datasources.PreprocessTableInsertion$.apply(rules.scala:412)[0m
[0m[[0m[31merror[0m] [0m[0m	at org.apache.spark.sql.execution.datasources.PreprocessTableInsertion$.apply(rules.scala:366)[0m
[0m[[0m[31merror[0m] [0m[0m	at org.apache.spark.sql.catalyst.rules.RuleExecutor.$anonfun$execute$2(RuleExecutor.scala:211)[0m
[0m[[0m[31merror[0m] [0m[0m	at scala.collection.LinearSeqOptimized.foldLeft(LinearSeqOptimized.scala:126)[0m
[0m[[0m[31merror[0m] [0m[0m	at scala.collection.LinearSeqOptimized.foldLeft$(LinearSeqOptimized.scala:122)[0m
[0m[[0m[31merror[0m] [0m[0m	at scala.collection.immutable.List.foldLeft(List.scala:89)[0m
[0m[[0m[31merror[0m] [0m[0m	at org.apache.spark.sql.catalyst.rules.RuleExecutor.$anonfun$execute$1(RuleExecutor.scala:208)[0m
[0m[[0m[31merror[0m] [0m[0m	at org.apache.spark.sql.catalyst.rules.RuleExecutor.$anonfun$execute$1$adapted(RuleExecutor.scala:200)[0m
[0m[[0m[31merror[0m] [0m[0m	at scala.collection.immutable.List.foreach(List.scala:392)[0m
[0m[[0m[31merror[0m] [0m[0m	at org.apache.spark.sql.catalyst.rules.RuleExecutor.execute(RuleExecutor.scala:200)[0m
[0m[[0m[31merror[0m] [0m[0m	at org.apache.spark.sql.catalyst.analysis.Analyzer.org$apache$spark$sql$catalyst$analysis$Analyzer$$executeSameContext(Analyzer.scala:215)[0m
[0m[[0m[31merror[0m] [0m[0m	at org.apache.spark.sql.catalyst.analysis.Analyzer.execute(Analyzer.scala:209)[0m
[0m[[0m[31merror[0m] [0m[0m	at org.apache.spark.sql.catalyst.analysis.Analyzer.execute(Analyzer.scala:172)[0m
[0m[[0m[31merror[0m] [0m[0m	at org.apache.spark.sql.catalyst.rules.RuleExecutor.$anonfun$executeAndTrack$1(RuleExecutor.scala:179)[0m
[0m[[0m[31merror[0m] [0m[0m	at org.apache.spark.sql.catalyst.QueryPlanningTracker$.withTracker(QueryPlanningTracker.scala:88)[0m
[0m[[0m[31merror[0m] [0m[0m	at org.apache.spark.sql.catalyst.rules.RuleExecutor.executeAndTrack(RuleExecutor.scala:179)[0m
[0m[[0m[31merror[0m] [0m[0m	at org.apache.spark.sql.catalyst.analysis.Analyzer.$anonfun$executeAndCheck$1(Analyzer.scala:193)[0m
[0m[[0m[31merror[0m] [0m[0m	at org.apache.spark.sql.catalyst.plans.logical.AnalysisHelper$.markInAnalyzer(AnalysisHelper.scala:330)[0m
[0m[[0m[31merror[0m] [0m[0m	at org.apache.spark.sql.catalyst.analysis.Analyzer.executeAndCheck(Analyzer.scala:192)[0m
[0m[[0m[31merror[0m] [0m[0m	at org.apache.spark.sql.execution.QueryExecution.$anonfun$analyzed$1(QueryExecution.scala:88)[0m
[0m[[0m[31merror[0m] [0m[0m	at org.apache.spark.sql.catalyst.QueryPlanningTracker.measurePhase(QueryPlanningTracker.scala:111)[0m
[0m[[0m[31merror[0m] [0m[0m	at org.apache.spark.sql.execution.QueryExecution.$anonfun$executePhase$1(QueryExecution.scala:196)[0m
[0m[[0m[31merror[0m] [0m[0m	at org.apache.spark.sql.SparkSession.withActive(SparkSession.scala:775)[0m
[0m[[0m[31merror[0m] [0m[0m	at org.apache.spark.sql.execution.QueryExecution.executePhase(QueryExecution.scala:196)[0m
[0m[[0m[31merror[0m] [0m[0m	at org.apache.spark.sql.execution.QueryExecution.analyzed$lzycompute(QueryExecution.scala:88)[0m
[0m[[0m[31merror[0m] [0m[0m	at org.apache.spark.sql.execution.QueryExecution.analyzed(QueryExecution.scala:86)[0m
[0m[[0m[31merror[0m] [0m[0m	at org.apache.spark.sql.execution.QueryExecution.assertAnalyzed(QueryExecution.scala:78)[0m
[0m[[0m[31merror[0m] [0m[0m	at org.apache.spark.sql.Dataset$.$anonfun$ofRows$2(Dataset.scala:98)[0m
[0m[[0m[31merror[0m] [0m[0m	at org.apache.spark.sql.SparkSession.withActive(SparkSession.scala:775)[0m
[0m[[0m[31merror[0m] [0m[0m	at org.apache.spark.sql.Dataset$.ofRows(Dataset.scala:96)[0m
[0m[[0m[31merror[0m] [0m[0m	at org.apache.spark.sql.SparkSession.$anonfun$sql$1(SparkSession.scala:618)[0m
[0m[[0m[31merror[0m] [0m[0m	at org.apache.spark.sql.SparkSession.withActive(SparkSession.scala:775)[0m
[0m[[0m[31merror[0m] [0m[0m	at org.apache.spark.sql.SparkSession.sql(SparkSession.scala:613)[0m
[0m[[0m[31merror[0m] [0m[0m	at org.apache.spark.sql.SQLContext.sql(SQLContext.scala:651)[0m
[0m[[0m[31merror[0m] [0m[0m	at userLogin.showdata(userLogin.scala:149)[0m
[0m[[0m[31merror[0m] [0m[0m	at userLogin.updatepassword(userLogin.scala:116)[0m
[0m[[0m[31merror[0m] [0m[0m	at userLogin.login(userLogin.scala:68)[0m
[0m[[0m[31merror[0m] [0m[0m	at adminOrUser.choice(adminOrUser.scala:32)[0m
[0m[[0m[31merror[0m] [0m[0m	at project1$.main(project1.scala:50)[0m
[0m[[0m[31merror[0m] [0m[0m	at project1.main(project1.scala)[0m
[0m[[0m[31merror[0m] [0m[0m	at sun.reflect.NativeMethodAccessorImpl.invoke0(Native Method)[0m
[0m[[0m[31merror[0m] [0m[0m	at sun.reflect.NativeMethodAccessorImpl.invoke(NativeMethodAccessorImpl.java:62)[0m
[0m[[0m[31merror[0m] [0m[0m	at sun.reflect.DelegatingMethodAccessorImpl.invoke(DelegatingMethodAccessorImpl.java:43)[0m
[0m[[0m[31merror[0m] [0m[0m	at java.lang.reflect.Method.invoke(Method.java:498)[0m
[0m[[0m[31merror[0m] [0m[0m	at sbt.Run.invokeMain(Run.scala:143)[0m
[0m[[0m[31merror[0m] [0m[0m	at sbt.Run.execute$1(Run.scala:93)[0m
[0m[[0m[31merror[0m] [0m[0m	at sbt.Run.$anonfun$runWithLoader$5(Run.scala:120)[0m
[0m[[0m[31merror[0m] [0m[0m	at sbt.Run$.executeSuccess(Run.scala:186)[0m
[0m[[0m[31merror[0m] [0m[0m	at sbt.Run.runWithLoader(Run.scala:120)[0m
[0m[[0m[31merror[0m] [0m[0m	at sbt.Defaults$.$anonfun$bgRunTask$6(Defaults.scala:1983)[0m
[0m[[0m[31merror[0m] [0m[0m	at sbt.Defaults$.$anonfun$termWrapper$2(Defaults.scala:1922)[0m
[0m[[0m[31merror[0m] [0m[0m	at scala.runtime.java8.JFunction0$mcV$sp.apply(JFunction0$mcV$sp.java:23)[0m
[0m[[0m[31merror[0m] [0m[0m	at scala.util.Try$.apply(Try.scala:213)[0m
[0m[[0m[31merror[0m] [0m[0m	at sbt.internal.BackgroundThreadPool$BackgroundRunnable.run(DefaultBackgroundJobService.scala:369)[0m
[0m[[0m[31merror[0m] [0m[0m	at java.util.concurrent.ThreadPoolExecutor.runWorker(ThreadPoolExecutor.java:1149)[0m
[0m[[0m[31merror[0m] [0m[0m	at java.util.concurrent.ThreadPoolExecutor$Worker.run(ThreadPoolExecutor.java:624)[0m
[0m[[0m[31merror[0m] [0m[0m	at java.lang.Thread.run(Thread.java:748)[0m
[0m[[0m[31merror[0m] [0m[0m(Compile / [31mrun[0m) org.apache.spark.sql.AnalysisException: Cannot write incompatible data to table '`project1_hive`.`data1`':[0m
[0m[[0m[31merror[0m] [0m[0m- Cannot safely cast 'latitude': string to double[0m
[0m[[0m[31merror[0m] [0m[0mTotal time: 36 s, completed Jan 27, 2022 5:14:11 PM[0m
[0m[[0m[0mdebug[0m] [0m[0m> Exec(resumeFromFailure, None, Some(CommandSource(console0)))[0m
[0m[[0m[0mdebug[0m] [0m[0m> Exec(sbtPopOnFailure, None, Some(CommandSource(console0)))[0m
[0m[[0m[0mdebug[0m] [0m[0m> Exec(__postWatch console0, None, Some(CommandSource(console0)))[0m
[0m[[0m[0mdebug[0m] [0m[0m> Exec(__waitWatch console0, None, Some(CommandSource(console0)))[0m
