[0m[[0m[0mdebug[0m] [0m[0m> Exec(~run, Some(de9ed339-bbf0-4e20-bf84-f2f71f0ce627), Some(CommandSource(console0)))[0m
[0m[[0m[0mdebug[0m] [0m[0m> Exec(__runWatch console0, None, Some(CommandSource(console0)))[0m
[0m[[0m[0mdebug[0m] [0m[0m> Exec(sbtStashOnFailure, None, Some(CommandSource(console0)))[0m
[0m[[0m[0mdebug[0m] [0m[0m> Exec(__preWatch console0, None, Some(CommandSource(console0)))[0m
[0m[[0m[0mdebug[0m] [0m[0m> Exec(run, None, Some(CommandSource(console0)))[0m
[0m[[0m[0mdebug[0m] [0m[0mEvaluating tasks: Compile / run[0m
[0m[[0m[0mdebug[0m] [0m[0mRunning task... Cancel: Signal, check cycles: false, forcegc: true[0m
[0m[[0m[31merror[0m] [0m[0morg.apache.spark.sql.AnalysisException: Table or view not found: temp_data; line 1 pos 35;[0m
[0m[[0m[31merror[0m] [0m[0m'InsertIntoStatement 'UnresolvedRelation [ufo_data], [], false, false, false[0m
[0m[[0m[31merror[0m] [0m[0m+- 'Project [*][0m
[0m[[0m[31merror[0m] [0m[0m   +- 'UnresolvedRelation [temp_data], [], false[0m
[0m[[0m[31merror[0m] [0m[0m[0m
[0m[[0m[31merror[0m] [0m[0m	at org.apache.spark.sql.catalyst.analysis.package$AnalysisErrorAt.failAnalysis(package.scala:42)[0m
[0m[[0m[31merror[0m] [0m[0m	at org.apache.spark.sql.catalyst.analysis.CheckAnalysis.$anonfun$checkAnalysis$1(CheckAnalysis.scala:123)[0m
[0m[[0m[31merror[0m] [0m[0m	at org.apache.spark.sql.catalyst.analysis.CheckAnalysis.$anonfun$checkAnalysis$1$adapted(CheckAnalysis.scala:94)[0m
[0m[[0m[31merror[0m] [0m[0m	at org.apache.spark.sql.catalyst.trees.TreeNode.foreachUp(TreeNode.scala:263)[0m
[0m[[0m[31merror[0m] [0m[0m	at org.apache.spark.sql.catalyst.trees.TreeNode.$anonfun$foreachUp$1(TreeNode.scala:262)[0m
[0m[[0m[31merror[0m] [0m[0m	at org.apache.spark.sql.catalyst.trees.TreeNode.$anonfun$foreachUp$1$adapted(TreeNode.scala:262)[0m
[0m[[0m[31merror[0m] [0m[0m	at scala.collection.Iterator.foreach(Iterator.scala:941)[0m
[0m[[0m[31merror[0m] [0m[0m	at scala.collection.Iterator.foreach$(Iterator.scala:941)[0m
[0m[[0m[31merror[0m] [0m[0m	at scala.collection.AbstractIterator.foreach(Iterator.scala:1429)[0m
[0m[[0m[31merror[0m] [0m[0m	at scala.collection.IterableLike.foreach(IterableLike.scala:74)[0m
[0m[[0m[31merror[0m] [0m[0m	at scala.collection.IterableLike.foreach$(IterableLike.scala:73)[0m
[0m[[0m[31merror[0m] [0m[0m	at scala.collection.AbstractIterable.foreach(Iterable.scala:56)[0m
[0m[[0m[31merror[0m] [0m[0m	at org.apache.spark.sql.catalyst.trees.TreeNode.foreachUp(TreeNode.scala:262)[0m
[0m[[0m[31merror[0m] [0m[0m	at org.apache.spark.sql.catalyst.trees.TreeNode.$anonfun$foreachUp$1(TreeNode.scala:262)[0m
[0m[[0m[31merror[0m] [0m[0m	at org.apache.spark.sql.catalyst.trees.TreeNode.$anonfun$foreachUp$1$adapted(TreeNode.scala:262)[0m
[0m[[0m[31merror[0m] [0m[0m	at scala.collection.Iterator.foreach(Iterator.scala:941)[0m
[0m[[0m[31merror[0m] [0m[0m	at scala.collection.Iterator.foreach$(Iterator.scala:941)[0m
[0m[[0m[31merror[0m] [0m[0m	at scala.collection.AbstractIterator.foreach(Iterator.scala:1429)[0m
[0m[[0m[31merror[0m] [0m[0m	at scala.collection.IterableLike.foreach(IterableLike.scala:74)[0m
[0m[[0m[31merror[0m] [0m[0m	at scala.collection.IterableLike.foreach$(IterableLike.scala:73)[0m
[0m[[0m[31merror[0m] [0m[0m	at scala.collection.AbstractIterable.foreach(Iterable.scala:56)[0m
[0m[[0m[31merror[0m] [0m[0m	at org.apache.spark.sql.catalyst.trees.TreeNode.foreachUp(TreeNode.scala:262)[0m
[0m[[0m[31merror[0m] [0m[0m	at org.apache.spark.sql.catalyst.analysis.CheckAnalysis.checkAnalysis(CheckAnalysis.scala:94)[0m
[0m[[0m[31merror[0m] [0m[0m	at org.apache.spark.sql.catalyst.analysis.CheckAnalysis.checkAnalysis$(CheckAnalysis.scala:91)[0m
[0m[[0m[31merror[0m] [0m[0m	at org.apache.spark.sql.catalyst.analysis.Analyzer.checkAnalysis(Analyzer.scala:172)[0m
[0m[[0m[31merror[0m] [0m[0m	at org.apache.spark.sql.catalyst.analysis.Analyzer.$anonfun$executeAndCheck$1(Analyzer.scala:195)[0m
[0m[[0m[31merror[0m] [0m[0m	at org.apache.spark.sql.catalyst.plans.logical.AnalysisHelper$.markInAnalyzer(AnalysisHelper.scala:330)[0m
[0m[[0m[31merror[0m] [0m[0m	at org.apache.spark.sql.catalyst.analysis.Analyzer.executeAndCheck(Analyzer.scala:192)[0m
[0m[[0m[31merror[0m] [0m[0m	at org.apache.spark.sql.execution.QueryExecution.$anonfun$analyzed$1(QueryExecution.scala:88)[0m
[0m[[0m[31merror[0m] [0m[0m	at org.apache.spark.sql.catalyst.QueryPlanningTracker.measurePhase(QueryPlanningTracker.scala:111)[0m
[0m[[0m[31merror[0m] [0m[0m	at org.apache.spark.sql.execution.QueryExecution.$anonfun$executePhase$1(QueryExecution.scala:196)[0m
[0m[[0m[31merror[0m] [0m[0m	at org.apache.spark.sql.SparkSession.withActive(SparkSession.scala:775)[0m
[0m[[0m[31merror[0m] [0m[0m	at org.apache.spark.sql.execution.QueryExecution.executePhase(QueryExecution.scala:196)[0m
[0m[[0m[31merror[0m] [0m[0m	at org.apache.spark.sql.execution.QueryExecution.analyzed$lzycompute(QueryExecution.scala:88)[0m
[0m[[0m[31merror[0m] [0m[0m	at org.apache.spark.sql.execution.QueryExecution.analyzed(QueryExecution.scala:86)[0m
[0m[[0m[31merror[0m] [0m[0m	at org.apache.spark.sql.execution.QueryExecution.assertAnalyzed(QueryExecution.scala:78)[0m
[0m[[0m[31merror[0m] [0m[0m	at org.apache.spark.sql.Dataset$.$anonfun$ofRows$2(Dataset.scala:98)[0m
[0m[[0m[31merror[0m] [0m[0m	at org.apache.spark.sql.SparkSession.withActive(SparkSession.scala:775)[0m
[0m[[0m[31merror[0m] [0m[0m	at org.apache.spark.sql.Dataset$.ofRows(Dataset.scala:96)[0m
[0m[[0m[31merror[0m] [0m[0m	at org.apache.spark.sql.SparkSession.$anonfun$sql$1(SparkSession.scala:618)[0m
[0m[[0m[31merror[0m] [0m[0m	at org.apache.spark.sql.SparkSession.withActive(SparkSession.scala:775)[0m
[0m[[0m[31merror[0m] [0m[0m	at org.apache.spark.sql.SparkSession.sql(SparkSession.scala:613)[0m
[0m[[0m[31merror[0m] [0m[0m	at org.apache.spark.sql.SQLContext.sql(SQLContext.scala:651)[0m
[0m[[0m[31merror[0m] [0m[0m	at userLogin.questions(userLogin.scala:188)[0m
[0m[[0m[31merror[0m] [0m[0m	at userLogin.updatepassword(userLogin.scala:121)[0m
[0m[[0m[31merror[0m] [0m[0m	at userLogin.login(userLogin.scala:68)[0m
[0m[[0m[31merror[0m] [0m[0m	at adminOrUser.choice(adminOrUser.scala:29)[0m
[0m[[0m[31merror[0m] [0m[0m	at project1$.main(project1.scala:50)[0m
[0m[[0m[31merror[0m] [0m[0m	at project1.main(project1.scala)[0m
[0m[[0m[31merror[0m] [0m[0m	at sun.reflect.NativeMethodAccessorImpl.invoke0(Native Method)[0m
[0m[[0m[31merror[0m] [0m[0m	at sun.reflect.NativeMethodAccessorImpl.invoke(NativeMethodAccessorImpl.java:62)[0m
[0m[[0m[31merror[0m] [0m[0m	at sun.reflect.DelegatingMethodAccessorImpl.invoke(DelegatingMethodAccessorImpl.java:43)[0m
[0m[[0m[31merror[0m] [0m[0m	at java.lang.reflect.Method.invoke(Method.java:498)[0m
[0m[[0m[31merror[0m] [0m[0m	at sbt.Run.invokeMain(Run.scala:143)[0m
[0m[[0m[31merror[0m] [0m[0m	at sbt.Run.execute$1(Run.scala:93)[0m
[0m[[0m[31merror[0m] [0m[0m	at sbt.Run.$anonfun$runWithLoader$5(Run.scala:120)[0m
[0m[[0m[31merror[0m] [0m[0m	at sbt.Run$.executeSuccess(Run.scala:186)[0m
[0m[[0m[31merror[0m] [0m[0m	at sbt.Run.runWithLoader(Run.scala:120)[0m
[0m[[0m[31merror[0m] [0m[0m	at sbt.Defaults$.$anonfun$bgRunTask$6(Defaults.scala:1983)[0m
[0m[[0m[31merror[0m] [0m[0m	at sbt.Defaults$.$anonfun$termWrapper$2(Defaults.scala:1922)[0m
[0m[[0m[31merror[0m] [0m[0m	at scala.runtime.java8.JFunction0$mcV$sp.apply(JFunction0$mcV$sp.java:23)[0m
[0m[[0m[31merror[0m] [0m[0m	at scala.util.Try$.apply(Try.scala:213)[0m
[0m[[0m[31merror[0m] [0m[0m	at sbt.internal.BackgroundThreadPool$BackgroundRunnable.run(DefaultBackgroundJobService.scala:369)[0m
[0m[[0m[31merror[0m] [0m[0m	at java.util.concurrent.ThreadPoolExecutor.runWorker(ThreadPoolExecutor.java:1149)[0m
[0m[[0m[31merror[0m] [0m[0m	at java.util.concurrent.ThreadPoolExecutor$Worker.run(ThreadPoolExecutor.java:624)[0m
[0m[[0m[31merror[0m] [0m[0m	at java.lang.Thread.run(Thread.java:748)[0m
[0m[[0m[31merror[0m] [0m[0m(Compile / [31mrun[0m) org.apache.spark.sql.AnalysisException: Table or view not found: temp_data; line 1 pos 35;[0m
[0m[[0m[31merror[0m] [0m[0m'InsertIntoStatement 'UnresolvedRelation [ufo_data], [], false, false, false[0m
[0m[[0m[31merror[0m] [0m[0m+- 'Project [*][0m
[0m[[0m[31merror[0m] [0m[0m   +- 'UnresolvedRelation [temp_data], [], false[0m
[0m[[0m[31merror[0m] [0m[0mTotal time: 31 s, completed Jan 31, 2022 6:54:40 PM[0m
[0m[[0m[0mdebug[0m] [0m[0m> Exec(resumeFromFailure, None, Some(CommandSource(console0)))[0m
[0m[[0m[0mdebug[0m] [0m[0m> Exec(sbtPopOnFailure, None, Some(CommandSource(console0)))[0m
[0m[[0m[0mdebug[0m] [0m[0m> Exec(__postWatch console0, None, Some(CommandSource(console0)))[0m
[0m[[0m[0mdebug[0m] [0m[0m> Exec(__waitWatch console0, None, Some(CommandSource(console0)))[0m
